<?xml version="1.0" encoding="UTF-8"?>
<!-- Generated by org.testng.reporters.JUnitReportReporter -->
<testsuite skipped="0" hostname="LAPTOP-FVC0VK09" name="Framework.E2E_Project.ValidateTitleTest" tests="2" failures="0" timestamp="2021-05-16T14:22:14 IST" time="0.439" errors="0">
  <testcase name="home_page_nav" time="0.352" classname="Framework.E2E_Project.ValidateTitleTest"/>
  <system-out/>
  <testcase name="header_validation" time="0.087" classname="Framework.E2E_Project.ValidateTitleTest"/>
  <system-out/>
</testsuite> <!-- Framework.E2E_Project.ValidateTitleTest -->
