<?xml version="1.0" encoding="UTF-8"?>
<!-- Generated by org.testng.reporters.JUnitReportReporter -->
<testsuite hostname="LAPTOP-FVC0VK09" name="Book_API" tests="4" failures="0" timestamp="23 May 2021 11:11:22 GMT" time="2.942" errors="0">
  <testcase name="delete_book" time="0.259" classname="Book_API"/>
  <testcase name="delete_book" time="0.289" classname="Book_API"/>
  <testcase name="add_book" time="0.247" classname="Book_API"/>
  <testcase name="add_book" time="2.147" classname="Book_API"/>
</testsuite> <!-- Book_API -->
