<?xml version="1.0" encoding="UTF-8"?>
<!-- Generated by org.testng.reporters.JUnitReportReporter -->
<testsuite hostname="LAPTOP-FVC0VK09" name="Book_API" tests="4" failures="0" timestamp="1 Jun 2021 13:27:43 GMT" time="2.682" errors="0">
  <testcase name="delete_book" time="0.144" classname="Book_API"/>
  <testcase name="add_book" time="2.242" classname="Book_API"/>
  <testcase name="delete_book" time="0.140" classname="Book_API"/>
  <testcase name="add_book" time="0.156" classname="Book_API"/>
</testsuite> <!-- Book_API -->
