<?xml version="1.0" encoding="UTF-8"?>
<!-- Generated by org.testng.reporters.JUnitReportReporter -->
<testsuite hostname="LAPTOP-FVC0VK09" failures="0" tests="1" name="java_Streams_Practice" time="0.012" errors="0" timestamp="2021-04-16T12:34:18 IST" skipped="0">
  <testcase classname="java_Streams_Practice" name="streamCollect" time="0.012"/>
  <system-out/>
</testsuite> <!-- java_Streams_Practice -->
