<?xml version="1.0" encoding="UTF-8"?>
<!-- Generated by org.testng.reporters.JUnitReportReporter -->
<testsuite hostname="LAPTOP-FVC0VK09" failures="0" tests="2" name="ExcelDataDrive_ApachePOI.DataDrive.dataprovider_integration_with_Excel" time="0.007" errors="0" timestamp="24 Jun 2021 15:18:28 GMT" skipped="0">
  <testcase classname="ExcelDataDrive_ApachePOI.DataDrive.dataprovider_integration_with_Excel" name="data_retrieve" time="0.001"/>
  <testcase classname="ExcelDataDrive_ApachePOI.DataDrive.dataprovider_integration_with_Excel" name="data_retrieve" time="0.006"/>
</testsuite> <!-- ExcelDataDrive_ApachePOI.DataDrive.dataprovider_integration_with_Excel -->
