<?xml version="1.0" encoding="UTF-8"?>
<!-- Generated by org.testng.reporters.JUnitReportReporter -->
<testsuite skipped="0" hostname="LAPTOP-FVC0VK09" name="Maven_ExtentReports.ExtentReportsdemo.ExtentReportDemo" tests="1" failures="0" timestamp="2021-05-06T15:23:43 IST" time="4.623" errors="0">
  <testcase name="initialDemo" time="4.623" classname="Maven_ExtentReports.ExtentReportsdemo.ExtentReportDemo"/>
  <system-out/>
</testsuite> <!-- Maven_ExtentReports.ExtentReportsdemo.ExtentReportDemo -->
