<?xml version="1.0" encoding="UTF-8"?>
<!-- Generated by org.testng.reporters.JUnitReportReporter -->
<testsuite hostname="LAPTOP-FVC0VK09" failures="0" tests="1" name="Selenium_remote_docker_testing.docker_validation.dockerStop" time="15.117" errors="0" timestamp="21 Jun 2021 07:23:00 GMT" skipped="0">
  <testcase classname="Selenium_remote_docker_testing.docker_validation.dockerStop" name="stopDocker" time="15.117"/>
</testsuite> <!-- Selenium_remote_docker_testing.docker_validation.dockerStop -->
