<?xml version="1.0" encoding="UTF-8"?>
<!-- Generated by org.testng.reporters.JUnitReportReporter -->
<testsuite skipped="0" hostname="LAPTOP-FVC0VK09" name="Framework.E2E_Project.homepage" tests="2" failures="0" timestamp="2021-05-13T15:23:09 IST" time="41.419" errors="0">
  <testcase name="home_page_nav" time="24.543" classname="Framework.E2E_Project.homepage"/>
  <system-out/>
  <testcase name="home_page_nav" time="16.876" classname="Framework.E2E_Project.homepage"/>
  <system-out/>
</testsuite> <!-- Framework.E2E_Project.homepage -->
