<?xml version="1.0" encoding="UTF-8"?>
<!-- Generated by org.testng.reporters.JUnitReportReporter -->
<testsuite skipped="0" hostname="LAPTOP-FVC0VK09" name="Framework.E2E_Project.HomePageTest" tests="2" failures="0" timestamp="2021-05-27T16:36:59 IST" time="55.660" errors="0">
  <testcase name="home_page_nav" time="42.403" classname="Framework.E2E_Project.HomePageTest"/>
  <system-out/>
  <testcase name="home_page_nav" time="13.257" classname="Framework.E2E_Project.HomePageTest"/>
  <system-out/>
</testsuite> <!-- Framework.E2E_Project.HomePageTest -->
