<?xml version="1.0" encoding="UTF-8"?>
<!-- Generated by org.testng.reporters.JUnitReportReporter -->
<testsuite hostname="LAPTOP-FVC0VK09" failures="0" tests="5" name="testNG_Tutorial.testNG_regex" time="0.006" errors="0" timestamp="2021-04-22T13:58:23 IST" skipped="0">
  <testcase classname="testNG_Tutorial.testNG_regex" name="Reactivate_Sim" time="0.001"/>
  <system-out/>
  <testcase classname="testNG_Tutorial.testNG_regex" name="unuspend_sim" time="0.001"/>
  <system-out/>
  <testcase classname="testNG_Tutorial.testNG_regex" name="suspend_Sim" time="0.001"/>
  <system-out/>
  <testcase classname="testNG_Tutorial.testNG_regex" name="unuspend_sim_success" time="0.001"/>
  <system-out/>
  <testcase classname="testNG_Tutorial.testNG_regex" name="Order_Replacment_Sim" time="0.002"/>
  <system-out/>
</testsuite> <!-- testNG_Tutorial.testNG_regex -->
