<?xml version="1.0" encoding="UTF-8"?>
<!-- Generated by org.testng.reporters.JUnitReportReporter -->
<testsuite hostname="LAPTOP-FVC0VK09" failures="0" tests="8" name="testNG_Tutorial.testNG_2" time="0.021" errors="0" timestamp="2021-04-22T13:58:23 IST" skipped="0">
  <testcase classname="testNG_Tutorial.testNG_2" name="personal_details_number_change" time="0.003"/>
  <system-out/>
  <testcase classname="testNG_Tutorial.testNG_2" name="personal_details_number_change" time="0.003"/>
  <system-out/>
  <testcase classname="testNG_Tutorial.testNG_2" name="name_change" time="0.002"/>
  <system-out/>
  <testcase classname="testNG_Tutorial.testNG_2" name="personal_details_email_change" time="0.002"/>
  <system-out/>
  <testcase classname="testNG_Tutorial.testNG_2" name="personal_details_DOB_change" time="0.002"/>
  <system-out/>
  <testcase classname="testNG_Tutorial.testNG_2" name="after_suite" time="0.002"/>
  <system-out/>
  <testcase classname="testNG_Tutorial.testNG_2" name="address_change" time="0.003"/>
  <system-out/>
  <testcase classname="testNG_Tutorial.testNG_2" name="personal_details_number_change" time="0.004"/>
  <system-out/>
</testsuite> <!-- testNG_Tutorial.testNG_2 -->
