<?xml version="1.0" encoding="UTF-8"?>
<!-- Generated by org.testng.reporters.JUnitReportReporter -->
<testsuite hostname="LAPTOP-FVC0VK09" failures="0" tests="2" name="testNG_Tutorial.testNG_4" time="0.003" errors="0" timestamp="2021-04-22T13:58:23 IST" skipped="0">
  <testcase classname="testNG_Tutorial.testNG_4" name="reucurring_topup" time="0.001"/>
  <system-out/>
  <testcase classname="testNG_Tutorial.testNG_4" name="reucurring_bundle" time="0.002"/>
  <system-out/>
</testsuite> <!-- testNG_Tutorial.testNG_4 -->
