<?xml version="1.0" encoding="UTF-8"?>
<!-- Generated by org.testng.reporters.JUnitReportReporter -->
<testsuite hostname="LAPTOP-FVC0VK09" failures="0" tests="3" name="testNG_Tutorial.testNG_3" time="0.003" errors="0" timestamp="2021-04-22T13:58:23 IST" skipped="1">
  <testcase classname="testNG_Tutorial.testNG_3" name="Balancecheck" time="0.001"/>
  <system-out/>
  <testcase classname="testNG_Tutorial.testNG_3" name="auto_topup" time="0.002"/>
  <system-out/>
  <testcase classname="testNG_Tutorial.testNG_3" name="bundle">
    <skipped/>
  </testcase> <!-- bundle -->
  <system-out/>
</testsuite> <!-- testNG_Tutorial.testNG_3 -->
