<?xml version="1.0" encoding="UTF-8"?>
<!-- Generated by org.testng.reporters.JUnitReportReporter -->
<testsuite skipped="0" hostname="LAPTOP-FVC0VK09" name="Cucumber_Options.Cucumber_options_Testrunner" tests="3" failures="0" timestamp="31 May 2021 14:47:42 GMT" time="41.875" errors="0">
  <testcase name="runScenario" time="14.371" classname="Cucumber_Options.Cucumber_options_Testrunner"/>
  <testcase name="runScenario" time="13.443" classname="Cucumber_Options.Cucumber_options_Testrunner"/>
  <testcase name="runScenario" time="14.061" classname="Cucumber_Options.Cucumber_options_Testrunner"/>
</testsuite> <!-- Cucumber_Options.Cucumber_options_Testrunner -->
